k = 0
39.7033	0.0000	0.0000	-26.6215	0.0000	-39.7033	0.0000	0.0000	-13.0818	0.0000	
0.0000	39.7033	26.6215	0.0000	0.0000	0.0000	-39.7033	13.0818	0.0000	0.0000	
0.0000	26.6215	17.8500	0.0000	0.0000	0.0000	-26.6215	8.7715	0.0000	0.0000	
-26.6215	0.0000	0.0000	17.8500	0.0000	26.6215	0.0000	0.0000	8.7715	0.0000	
0.0000	0.0000	0.0000	0.0000	1.1543	0.0000	0.0000	0.0000	0.0000	-1.1543	
-39.7033	0.0000	0.0000	26.6215	0.0000	39.7033	0.0000	0.0000	13.0818	0.0000	
0.0000	-39.7033	-26.6215	0.0000	0.0000	0.0000	39.7033	-13.0818	0.0000	0.0000	
0.0000	13.0818	8.7715	0.0000	0.0000	0.0000	-13.0818	4.3103	0.0000	0.0000	
-13.0818	0.0000	0.0000	8.7715	0.0000	13.0818	0.0000	0.0000	4.3103	0.0000	
0.0000	0.0000	0.0000	0.0000	-1.1543	0.0000	0.0000	0.0000	0.0000	1.1543	


k = 1
39.7033	0.0000	0.0000	-26.6215	0.0000	-39.7033	0.0000	0.0000	-13.0818	0.0000	
0.0000	39.7033	26.6215	0.0000	0.0000	0.0000	-39.7033	13.0818	0.0000	0.0000	
0.0000	26.6215	17.8500	0.0000	0.0000	0.0000	-26.6215	8.7715	0.0000	0.0000	
-26.6215	0.0000	0.0000	17.8500	0.0000	26.6215	0.0000	0.0000	8.7715	0.0000	
0.0000	0.0000	0.0000	0.0000	1.1543	0.0000	0.0000	0.0000	0.0000	-1.1543	
-39.7033	0.0000	0.0000	26.6215	0.0000	39.7033	0.0000	0.0000	13.0818	0.0000	
0.0000	-39.7033	-26.6215	0.0000	0.0000	0.0000	39.7033	-13.0818	0.0000	0.0000	
0.0000	13.0818	8.7715	0.0000	0.0000	0.0000	-13.0818	4.3103	0.0000	0.0000	
-13.0818	0.0000	0.0000	8.7715	0.0000	13.0818	0.0000	0.0000	4.3103	0.0000	
0.0000	0.0000	0.0000	0.0000	-1.1543	0.0000	0.0000	0.0000	0.0000	1.1543	


k = 2
39.7033	0.0000	0.0000	-26.6215	0.0000	-39.7033	0.0000	0.0000	-13.0818	0.0000	
0.0000	39.7033	26.6215	0.0000	0.0000	0.0000	-39.7033	13.0818	0.0000	0.0000	
0.0000	26.6215	17.8500	0.0000	0.0000	0.0000	-26.6215	8.7715	0.0000	0.0000	
-26.6215	0.0000	0.0000	17.8500	0.0000	26.6215	0.0000	0.0000	8.7715	0.0000	
0.0000	0.0000	0.0000	0.0000	1.1543	0.0000	0.0000	0.0000	0.0000	-1.1543	
-39.7033	0.0000	0.0000	26.6215	0.0000	39.7033	0.0000	0.0000	13.0818	0.0000	
0.0000	-39.7033	-26.6215	0.0000	0.0000	0.0000	39.7033	-13.0818	0.0000	0.0000	
0.0000	13.0818	8.7715	0.0000	0.0000	0.0000	-13.0818	4.3103	0.0000	0.0000	
-13.0818	0.0000	0.0000	8.7715	0.0000	13.0818	0.0000	0.0000	4.3103	0.0000	
0.0000	0.0000	0.0000	0.0000	-1.1543	0.0000	0.0000	0.0000	0.0000	1.1543	


k = 3
39.7033	0.0000	0.0000	-26.6215	0.0000	-39.7033	0.0000	0.0000	-13.0818	0.0000	
0.0000	39.7033	26.6215	0.0000	0.0000	0.0000	-39.7033	13.0818	0.0000	0.0000	
0.0000	26.6215	17.8500	0.0000	0.0000	0.0000	-26.6215	8.7715	0.0000	0.0000	
-26.6215	0.0000	0.0000	17.8500	0.0000	26.6215	0.0000	0.0000	8.7715	0.0000	
0.0000	0.0000	0.0000	0.0000	1.1543	0.0000	0.0000	0.0000	0.0000	-1.1543	
-39.7033	0.0000	0.0000	26.6215	0.0000	39.7033	0.0000	0.0000	13.0818	0.0000	
0.0000	-39.7033	-26.6215	0.0000	0.0000	0.0000	39.7033	-13.0818	0.0000	0.0000	
0.0000	13.0818	8.7715	0.0000	0.0000	0.0000	-13.0818	4.3103	0.0000	0.0000	
-13.0818	0.0000	0.0000	8.7715	0.0000	13.0818	0.0000	0.0000	4.3103	0.0000	
0.0000	0.0000	0.0000	0.0000	-1.1543	0.0000	0.0000	0.0000	0.0000	1.1543	


k = 4
39.7033	0.0000	0.0000	-26.6215	0.0000	-39.7033	0.0000	0.0000	-13.0818	0.0000	
0.0000	39.7033	26.6215	0.0000	0.0000	0.0000	-39.7033	13.0818	0.0000	0.0000	
0.0000	26.6215	17.8500	0.0000	0.0000	0.0000	-26.6215	8.7715	0.0000	0.0000	
-26.6215	0.0000	0.0000	17.8500	0.0000	26.6215	0.0000	0.0000	8.7715	0.0000	
0.0000	0.0000	0.0000	0.0000	1.1543	0.0000	0.0000	0.0000	0.0000	-1.1543	
-39.7033	0.0000	0.0000	26.6215	0.0000	39.7033	0.0000	0.0000	13.0818	0.0000	
0.0000	-39.7033	-26.6215	0.0000	0.0000	0.0000	39.7033	-13.0818	0.0000	0.0000	
0.0000	13.0818	8.7715	0.0000	0.0000	0.0000	-13.0818	4.3103	0.0000	0.0000	
-13.0818	0.0000	0.0000	8.7715	0.0000	13.0818	0.0000	0.0000	4.3103	0.0000	
0.0000	0.0000	0.0000	0.0000	-1.1543	0.0000	0.0000	0.0000	0.0000	1.1543	


k = 5
39.7033	0.0000	0.0000	-26.6215	0.0000	-39.7033	0.0000	0.0000	-13.0818	0.0000	
0.0000	39.7033	26.6215	0.0000	0.0000	0.0000	-39.7033	13.0818	0.0000	0.0000	
0.0000	26.6215	17.8500	0.0000	0.0000	0.0000	-26.6215	8.7715	0.0000	0.0000	
-26.6215	0.0000	0.0000	17.8500	0.0000	26.6215	0.0000	0.0000	8.7715	0.0000	
0.0000	0.0000	0.0000	0.0000	1.1543	0.0000	0.0000	0.0000	0.0000	-1.1543	
-39.7033	0.0000	0.0000	26.6215	0.0000	39.7033	0.0000	0.0000	13.0818	0.0000	
0.0000	-39.7033	-26.6215	0.0000	0.0000	0.0000	39.7033	-13.0818	0.0000	0.0000	
0.0000	13.0818	8.7715	0.0000	0.0000	0.0000	-13.0818	4.3103	0.0000	0.0000	
-13.0818	0.0000	0.0000	8.7715	0.0000	13.0818	0.0000	0.0000	4.3103	0.0000	
0.0000	0.0000	0.0000	0.0000	-1.1543	0.0000	0.0000	0.0000	0.0000	1.1543	


k = 6
39.7033	0.0000	0.0000	-26.6215	0.0000	-39.7033	0.0000	0.0000	-13.0818	0.0000	
0.0000	39.7033	26.6215	0.0000	0.0000	0.0000	-39.7033	13.0818	0.0000	0.0000	
0.0000	26.6215	17.8500	0.0000	0.0000	0.0000	-26.6215	8.7715	0.0000	0.0000	
-26.6215	0.0000	0.0000	17.8500	0.0000	26.6215	0.0000	0.0000	8.7715	0.0000	
0.0000	0.0000	0.0000	0.0000	1.1543	0.0000	0.0000	0.0000	0.0000	-1.1543	
-39.7033	0.0000	0.0000	26.6215	0.0000	39.7033	0.0000	0.0000	13.0818	0.0000	
0.0000	-39.7033	-26.6215	0.0000	0.0000	0.0000	39.7033	-13.0818	0.0000	0.0000	
0.0000	13.0818	8.7715	0.0000	0.0000	0.0000	-13.0818	4.3103	0.0000	0.0000	
-13.0818	0.0000	0.0000	8.7715	0.0000	13.0818	0.0000	0.0000	4.3103	0.0000	
0.0000	0.0000	0.0000	0.0000	-1.1543	0.0000	0.0000	0.0000	0.0000	1.1543	


k = 7
39.7033	0.0000	0.0000	-26.6215	0.0000	-39.7033	0.0000	0.0000	-13.0818	0.0000	
0.0000	39.7033	26.6215	0.0000	0.0000	0.0000	-39.7033	13.0818	0.0000	0.0000	
0.0000	26.6215	17.8500	0.0000	0.0000	0.0000	-26.6215	8.7715	0.0000	0.0000	
-26.6215	0.0000	0.0000	17.8500	0.0000	26.6215	0.0000	0.0000	8.7715	0.0000	
0.0000	0.0000	0.0000	0.0000	1.1543	0.0000	0.0000	0.0000	0.0000	-1.1543	
-39.7033	0.0000	0.0000	26.6215	0.0000	39.7033	0.0000	0.0000	13.0818	0.0000	
0.0000	-39.7033	-26.6215	0.0000	0.0000	0.0000	39.7033	-13.0818	0.0000	0.0000	
0.0000	13.0818	8.7715	0.0000	0.0000	0.0000	-13.0818	4.3103	0.0000	0.0000	
-13.0818	0.0000	0.0000	8.7715	0.0000	13.0818	0.0000	0.0000	4.3103	0.0000	
0.0000	0.0000	0.0000	0.0000	-1.1543	0.0000	0.0000	0.0000	0.0000	1.1543	


k = 8
39.7033	0.0000	0.0000	-26.6215	0.0000	-39.7033	0.0000	0.0000	-13.0818	0.0000	
0.0000	39.7033	26.6215	0.0000	0.0000	0.0000	-39.7033	13.0818	0.0000	0.0000	
0.0000	26.6215	17.8500	0.0000	0.0000	0.0000	-26.6215	8.7715	0.0000	0.0000	
-26.6215	0.0000	0.0000	17.8500	0.0000	26.6215	0.0000	0.0000	8.7715	0.0000	
0.0000	0.0000	0.0000	0.0000	1.1543	0.0000	0.0000	0.0000	0.0000	-1.1543	
-39.7033	0.0000	0.0000	26.6215	0.0000	39.7033	0.0000	0.0000	13.0818	0.0000	
0.0000	-39.7033	-26.6215	0.0000	0.0000	0.0000	39.7033	-13.0818	0.0000	0.0000	
0.0000	13.0818	8.7715	0.0000	0.0000	0.0000	-13.0818	4.3103	0.0000	0.0000	
-13.0818	0.0000	0.0000	8.7715	0.0000	13.0818	0.0000	0.0000	4.3103	0.0000	
0.0000	0.0000	0.0000	0.0000	-1.1543	0.0000	0.0000	0.0000	0.0000	1.1543	


k = 9
39.7033	0.0000	0.0000	-26.6215	0.0000	-39.7033	0.0000	0.0000	-13.0818	0.0000	
0.0000	39.7033	26.6215	0.0000	0.0000	0.0000	-39.7033	13.0818	0.0000	0.0000	
0.0000	26.6215	17.8500	0.0000	0.0000	0.0000	-26.6215	8.7715	0.0000	0.0000	
-26.6215	0.0000	0.0000	17.8500	0.0000	26.6215	0.0000	0.0000	8.7715	0.0000	
0.0000	0.0000	0.0000	0.0000	1.1543	0.0000	0.0000	0.0000	0.0000	-1.1543	
-39.7033	0.0000	0.0000	26.6215	0.0000	39.7033	0.0000	0.0000	13.0818	0.0000	
0.0000	-39.7033	-26.6215	0.0000	0.0000	0.0000	39.7033	-13.0818	0.0000	0.0000	
0.0000	13.0818	8.7715	0.0000	0.0000	0.0000	-13.0818	4.3103	0.0000	0.0000	
-13.0818	0.0000	0.0000	8.7715	0.0000	13.0818	0.0000	0.0000	4.3103	0.0000	
0.0000	0.0000	0.0000	0.0000	-1.1543	0.0000	0.0000	0.0000	0.0000	1.1543	


