k = 0
0.1205	0.0000	0.0000	0.0725	0.0000	-0.0051	0.0000	0.0000	-0.0017	0.0000	
0.0000	0.1205	-0.0725	0.0000	0.0000	0.0000	-0.0051	0.0017	0.0000	0.0000	
0.0000	-0.0725	1.0534	0.0000	0.0000	0.0000	0.0737	-0.0244	0.0000	0.0000	
0.0725	0.0000	0.0000	1.0534	0.0000	-0.0737	0.0000	0.0000	-0.0244	0.0000	
0.0000	0.0000	0.0000	0.0000	1.1284	0.0000	0.0000	0.0000	0.0000	0.0129	
-0.0051	0.0000	0.0000	-0.0737	0.0000	0.0052	0.0000	0.0000	0.0017	0.0000	
0.0000	-0.0051	0.0737	0.0000	0.0000	0.0000	0.0052	-0.0017	0.0000	0.0000	
0.0000	0.0017	-0.0244	0.0000	0.0000	0.0000	-0.0017	0.0006	0.0000	0.0000	
-0.0017	0.0000	0.0000	-0.0244	0.0000	0.0017	0.0000	0.0000	0.0006	0.0000	
0.0000	0.0000	0.0000	0.0000	0.0129	0.0000	0.0000	0.0000	0.0000	0.0001	


k = 1
0.1205	0.0000	0.0000	0.0725	0.0000	-0.0051	0.0000	0.0000	-0.0017	0.0000	
0.0000	0.1205	-0.0725	0.0000	0.0000	0.0000	-0.0051	0.0017	0.0000	0.0000	
0.0000	-0.0725	1.0534	0.0000	0.0000	0.0000	0.0737	-0.0244	0.0000	0.0000	
0.0725	0.0000	0.0000	1.0534	0.0000	-0.0737	0.0000	0.0000	-0.0244	0.0000	
0.0000	0.0000	0.0000	0.0000	1.1284	0.0000	0.0000	0.0000	0.0000	0.0129	
-0.0051	0.0000	0.0000	-0.0737	0.0000	0.0052	0.0000	0.0000	0.0017	0.0000	
0.0000	-0.0051	0.0737	0.0000	0.0000	0.0000	0.0052	-0.0017	0.0000	0.0000	
0.0000	0.0017	-0.0244	0.0000	0.0000	0.0000	-0.0017	0.0006	0.0000	0.0000	
-0.0017	0.0000	0.0000	-0.0244	0.0000	0.0017	0.0000	0.0000	0.0006	0.0000	
0.0000	0.0000	0.0000	0.0000	0.0129	0.0000	0.0000	0.0000	0.0000	0.0001	


k = 2
0.1205	0.0000	0.0000	0.0725	0.0000	-0.0051	0.0000	0.0000	-0.0017	0.0000	
0.0000	0.1205	-0.0725	0.0000	0.0000	0.0000	-0.0051	0.0017	0.0000	0.0000	
0.0000	-0.0725	1.0534	0.0000	0.0000	0.0000	0.0737	-0.0244	0.0000	0.0000	
0.0725	0.0000	0.0000	1.0534	0.0000	-0.0737	0.0000	0.0000	-0.0244	0.0000	
0.0000	0.0000	0.0000	0.0000	1.1284	0.0000	0.0000	0.0000	0.0000	0.0129	
-0.0051	0.0000	0.0000	-0.0737	0.0000	0.0052	0.0000	0.0000	0.0017	0.0000	
0.0000	-0.0051	0.0737	0.0000	0.0000	0.0000	0.0052	-0.0017	0.0000	0.0000	
0.0000	0.0017	-0.0244	0.0000	0.0000	0.0000	-0.0017	0.0006	0.0000	0.0000	
-0.0017	0.0000	0.0000	-0.0244	0.0000	0.0017	0.0000	0.0000	0.0006	0.0000	
0.0000	0.0000	0.0000	0.0000	0.0129	0.0000	0.0000	0.0000	0.0000	0.0001	


k = 3
0.1205	0.0000	0.0000	0.0725	0.0000	-0.0051	0.0000	0.0000	-0.0017	0.0000	
0.0000	0.1205	-0.0725	0.0000	0.0000	0.0000	-0.0051	0.0017	0.0000	0.0000	
0.0000	-0.0725	1.0534	0.0000	0.0000	0.0000	0.0737	-0.0244	0.0000	0.0000	
0.0725	0.0000	0.0000	1.0534	0.0000	-0.0737	0.0000	0.0000	-0.0244	0.0000	
0.0000	0.0000	0.0000	0.0000	1.1284	0.0000	0.0000	0.0000	0.0000	0.0129	
-0.0051	0.0000	0.0000	-0.0737	0.0000	0.0052	0.0000	0.0000	0.0017	0.0000	
0.0000	-0.0051	0.0737	0.0000	0.0000	0.0000	0.0052	-0.0017	0.0000	0.0000	
0.0000	0.0017	-0.0244	0.0000	0.0000	0.0000	-0.0017	0.0006	0.0000	0.0000	
-0.0017	0.0000	0.0000	-0.0244	0.0000	0.0017	0.0000	0.0000	0.0006	0.0000	
0.0000	0.0000	0.0000	0.0000	0.0129	0.0000	0.0000	0.0000	0.0000	0.0001	


k = 4
0.1205	0.0000	0.0000	0.0725	0.0000	-0.0051	0.0000	0.0000	-0.0017	0.0000	
0.0000	0.1205	-0.0725	0.0000	0.0000	0.0000	-0.0051	0.0017	0.0000	0.0000	
0.0000	-0.0725	1.0534	0.0000	0.0000	0.0000	0.0737	-0.0244	0.0000	0.0000	
0.0725	0.0000	0.0000	1.0534	0.0000	-0.0737	0.0000	0.0000	-0.0244	0.0000	
0.0000	0.0000	0.0000	0.0000	1.1284	0.0000	0.0000	0.0000	0.0000	0.0129	
-0.0051	0.0000	0.0000	-0.0737	0.0000	0.0052	0.0000	0.0000	0.0017	0.0000	
0.0000	-0.0051	0.0737	0.0000	0.0000	0.0000	0.0052	-0.0017	0.0000	0.0000	
0.0000	0.0017	-0.0244	0.0000	0.0000	0.0000	-0.0017	0.0006	0.0000	0.0000	
-0.0017	0.0000	0.0000	-0.0244	0.0000	0.0017	0.0000	0.0000	0.0006	0.0000	
0.0000	0.0000	0.0000	0.0000	0.0129	0.0000	0.0000	0.0000	0.0000	0.0001	


k = 5
0.1205	0.0000	0.0000	0.0725	0.0000	-0.0051	0.0000	0.0000	-0.0017	0.0000	
0.0000	0.1205	-0.0725	0.0000	0.0000	0.0000	-0.0051	0.0017	0.0000	0.0000	
0.0000	-0.0725	1.0534	0.0000	0.0000	0.0000	0.0737	-0.0244	0.0000	0.0000	
0.0725	0.0000	0.0000	1.0534	0.0000	-0.0737	0.0000	0.0000	-0.0244	0.0000	
0.0000	0.0000	0.0000	0.0000	1.1284	0.0000	0.0000	0.0000	0.0000	0.0129	
-0.0051	0.0000	0.0000	-0.0737	0.0000	0.0052	0.0000	0.0000	0.0017	0.0000	
0.0000	-0.0051	0.0737	0.0000	0.0000	0.0000	0.0052	-0.0017	0.0000	0.0000	
0.0000	0.0017	-0.0244	0.0000	0.0000	0.0000	-0.0017	0.0006	0.0000	0.0000	
-0.0017	0.0000	0.0000	-0.0244	0.0000	0.0017	0.0000	0.0000	0.0006	0.0000	
0.0000	0.0000	0.0000	0.0000	0.0129	0.0000	0.0000	0.0000	0.0000	0.0001	


k = 6
0.1205	0.0000	0.0000	0.0725	0.0000	-0.0051	0.0000	0.0000	-0.0017	0.0000	
0.0000	0.1205	-0.0725	0.0000	0.0000	0.0000	-0.0051	0.0017	0.0000	0.0000	
0.0000	-0.0725	1.0534	0.0000	0.0000	0.0000	0.0737	-0.0244	0.0000	0.0000	
0.0725	0.0000	0.0000	1.0534	0.0000	-0.0737	0.0000	0.0000	-0.0244	0.0000	
0.0000	0.0000	0.0000	0.0000	1.1284	0.0000	0.0000	0.0000	0.0000	0.0129	
-0.0051	0.0000	0.0000	-0.0737	0.0000	0.0052	0.0000	0.0000	0.0017	0.0000	
0.0000	-0.0051	0.0737	0.0000	0.0000	0.0000	0.0052	-0.0017	0.0000	0.0000	
0.0000	0.0017	-0.0244	0.0000	0.0000	0.0000	-0.0017	0.0006	0.0000	0.0000	
-0.0017	0.0000	0.0000	-0.0244	0.0000	0.0017	0.0000	0.0000	0.0006	0.0000	
0.0000	0.0000	0.0000	0.0000	0.0129	0.0000	0.0000	0.0000	0.0000	0.0001	


k = 7
0.1205	0.0000	0.0000	0.0725	0.0000	-0.0051	0.0000	0.0000	-0.0017	0.0000	
0.0000	0.1205	-0.0725	0.0000	0.0000	0.0000	-0.0051	0.0017	0.0000	0.0000	
0.0000	-0.0725	1.0534	0.0000	0.0000	0.0000	0.0737	-0.0244	0.0000	0.0000	
0.0725	0.0000	0.0000	1.0534	0.0000	-0.0737	0.0000	0.0000	-0.0244	0.0000	
0.0000	0.0000	0.0000	0.0000	1.1284	0.0000	0.0000	0.0000	0.0000	0.0129	
-0.0051	0.0000	0.0000	-0.0737	0.0000	0.0052	0.0000	0.0000	0.0017	0.0000	
0.0000	-0.0051	0.0737	0.0000	0.0000	0.0000	0.0052	-0.0017	0.0000	0.0000	
0.0000	0.0017	-0.0244	0.0000	0.0000	0.0000	-0.0017	0.0006	0.0000	0.0000	
-0.0017	0.0000	0.0000	-0.0244	0.0000	0.0017	0.0000	0.0000	0.0006	0.0000	
0.0000	0.0000	0.0000	0.0000	0.0129	0.0000	0.0000	0.0000	0.0000	0.0001	


k = 8
0.1205	0.0000	0.0000	0.0725	0.0000	-0.0051	0.0000	0.0000	-0.0017	0.0000	
0.0000	0.1205	-0.0725	0.0000	0.0000	0.0000	-0.0051	0.0017	0.0000	0.0000	
0.0000	-0.0725	1.0534	0.0000	0.0000	0.0000	0.0737	-0.0244	0.0000	0.0000	
0.0725	0.0000	0.0000	1.0534	0.0000	-0.0737	0.0000	0.0000	-0.0244	0.0000	
0.0000	0.0000	0.0000	0.0000	1.1284	0.0000	0.0000	0.0000	0.0000	0.0129	
-0.0051	0.0000	0.0000	-0.0737	0.0000	0.0052	0.0000	0.0000	0.0017	0.0000	
0.0000	-0.0051	0.0737	0.0000	0.0000	0.0000	0.0052	-0.0017	0.0000	0.0000	
0.0000	0.0017	-0.0244	0.0000	0.0000	0.0000	-0.0017	0.0006	0.0000	0.0000	
-0.0017	0.0000	0.0000	-0.0244	0.0000	0.0017	0.0000	0.0000	0.0006	0.0000	
0.0000	0.0000	0.0000	0.0000	0.0129	0.0000	0.0000	0.0000	0.0000	0.0001	


k = 9
0.1205	0.0000	0.0000	0.0725	0.0000	-0.0051	0.0000	0.0000	-0.0017	0.0000	
0.0000	0.1205	-0.0725	0.0000	0.0000	0.0000	-0.0051	0.0017	0.0000	0.0000	
0.0000	-0.0725	1.0534	0.0000	0.0000	0.0000	0.0737	-0.0244	0.0000	0.0000	
0.0725	0.0000	0.0000	1.0534	0.0000	-0.0737	0.0000	0.0000	-0.0244	0.0000	
0.0000	0.0000	0.0000	0.0000	1.1284	0.0000	0.0000	0.0000	0.0000	0.0129	
-0.0051	0.0000	0.0000	-0.0737	0.0000	0.0052	0.0000	0.0000	0.0017	0.0000	
0.0000	-0.0051	0.0737	0.0000	0.0000	0.0000	0.0052	-0.0017	0.0000	0.0000	
0.0000	0.0017	-0.0244	0.0000	0.0000	0.0000	-0.0017	0.0006	0.0000	0.0000	
-0.0017	0.0000	0.0000	-0.0244	0.0000	0.0017	0.0000	0.0000	0.0006	0.0000	
0.0000	0.0000	0.0000	0.0000	0.0129	0.0000	0.0000	0.0000	0.0000	0.0001	


